#
# There is insufficient memory for the Java Runtime Environment to continue.
# Native memory allocation (mmap) failed to map 32505856 bytes for Failed to commit area from 0x000000008b800000 to 0x000000008d700000 of length 32505856.
# Possible reasons:
#   The system is out of physical RAM or swap space
#   The process is running with CompressedOops enabled, and the Java Heap may be blocking the growth of the native heap
# Possible solutions:
#   Reduce memory load on the system
#   Increase physical memory or swap space
#   Check if swap backing store is full
#   Decrease Java heap size (-Xmx/-Xms)
#   Decrease number of Java threads
#   Decrease Java thread stack sizes (-Xss)
#   Set larger code cache with -XX:ReservedCodeCacheSize=
#   JVM is running with Unscaled Compressed Oops mode in which the Java heap is
#     placed in the first 4GB address space. The Java Heap base address is the
#     maximum limit for the native heap growth. Please use -XX:HeapBaseMinAddress
#     to set the Java Heap base and to place the Java Heap above 4GB virtual address.
# This output file may be truncated or incomplete.
#
#  Out of Memory Error (t:/workspace/open/src/hotspot/os/windows/os_windows.cpp:3271), pid=10132, tid=7380
#
# JRE version: Java(TM) SE Runtime Environment (11.0.6+8) (build 11.0.6+8-LTS)
# Java VM: Java HotSpot(TM) 64-Bit Server VM (11.0.6+8-LTS, mixed mode, tiered, compressed oops, g1 gc, windows-amd64)
# No core dump will be written. Minidumps are not enabled by default on client versions of Windows
#

---------------  S U M M A R Y ------------

Command Line: -Dmaven.multiModuleProjectDirectory=C:\Geekbrains\my-spring-project-two -Dmaven.home=C:\Users\Anton\.m2\wrapper\dists\apache-maven-3.6.3-bin\1iopthnavndlasol9gbrbg6bf2\apache-maven-3.6.3 -Dclassworlds.conf=C:\Users\Anton\.m2\wrapper\dists\apache-maven-3.6.3-bin\1iopthnavndlasol9gbrbg6bf2\apache-maven-3.6.3\bin\m2.conf -Dmaven.ext.class.path=C:\Program Files\JetBrains\IntelliJ IDEA 2019.3\plugins\maven\lib\maven-event-listener.jar -javaagent:C:\Program Files\JetBrains\IntelliJ IDEA 2019.3\lib\idea_rt.jar=53430:C:\Program Files\JetBrains\IntelliJ IDEA 2019.3\bin -Dfile.encoding=UTF-8 org.codehaus.classworlds.Launcher -Didea.version=2020.2.1 -DskipTests=true clean install liquibase:rollback -Dliquibase.rollbackTag=db_init

Host: Intel(R) Core(TM) i5-3470 CPU @ 3.20GHz, 4 cores, 7G,  Windows 10 , 64 bit Build 18362 (10.0.18362.1082)
Time: Sun Oct 25 19:37:38 2020 RTZ 2 (ceia) elapsed time: 8 seconds (0d 0h 0m 8s)

---------------  T H R E A D  ---------------

Current thread (0x0000022672f11800):  VMThread "VM Thread" [stack: 0x000000e672200000,0x000000e672300000] [id=7380]

Stack: [0x000000e672200000,0x000000e672300000]
[error occurred during error reporting (printing stack bounds), id 0xc0000005, EXCEPTION_ACCESS_VIOLATION (0xc0000005) at pc=0x000002265c6a0bad]

Native frames: (J=compiled Java code, j=interpreted, Vv=VM code, C=native code)
V  [jvm.dll+0x63679a]
V  [jvm.dll+0x7755bf]
V  [jvm.dll+0x776c65]
V  [jvm.dll+0x777235]
V  [jvm.dll+0x7771eb]
V  [jvm.dll+0x635e96]
V  [jvm.dll+0x636268]
C  [ntdll.dll+0xa11cf]
C  [ntdll.dll+0x6a209]
C  [ntdll.dll+0x9fe3e]
C  0x000002265c6a0bad

VM_Operation (0x000000e671cfca00): G1CollectForAllocation, mode: safepoint, requested by thread 0x0000022654318800


---------------  P R O C E S S  ---------------

Threads class SMR info:
_java_thread_list=0x0000022679981db0, length=13, elements={
0x0000022654318800, 0x00000226726d1000, 0x00000226726db800, 0x0000022672f5a800,
0x0000022672f5c800, 0x0000022672f5d800, 0x00000226726eb800, 0x00000226726ee800,
0x00000226730d9800, 0x00000226732ed000, 0x00000226732ed800, 0x00000226745bd800,
0x0000022678f26000
}

Java Threads: ( => current thread )
  0x0000022654318800 JavaThread "main" [_thread_blocked, id=10704, stack(0x000000e671c00000,0x000000e671d00000)]
  0x00000226726d1000 JavaThread "Reference Handler" daemon [_thread_blocked, id=11536, stack(0x000000e672300000,0x000000e672400000)]
  0x00000226726db800 JavaThread "Finalizer" daemon [_thread_blocked, id=7804, stack(0x000000e672400000,0x000000e672500000)]
  0x0000022672f5a800 JavaThread "Signal Dispatcher" daemon [_thread_blocked, id=6056, stack(0x000000e672500000,0x000000e672600000)]
  0x0000022672f5c800 JavaThread "Attach Listener" daemon [_thread_blocked, id=8564, stack(0x000000e672600000,0x000000e672700000)]
  0x0000022672f5d800 JavaThread "C2 CompilerThread0" daemon [_thread_in_native, id=11000, stack(0x000000e672700000,0x000000e672800000)]
  0x00000226726eb800 JavaThread "C1 CompilerThread0" daemon [_thread_blocked, id=5880, stack(0x000000e672800000,0x000000e672900000)]
  0x00000226726ee800 JavaThread "Sweeper thread" daemon [_thread_blocked, id=932, stack(0x000000e672900000,0x000000e672a00000)]
  0x00000226730d9800 JavaThread "Common-Cleaner" daemon [_thread_blocked, id=6124, stack(0x000000e672a00000,0x000000e672b00000)]
  0x00000226732ed000 JavaThread "Monitor Ctrl-Break" daemon [_thread_in_native, id=12452, stack(0x000000e672b00000,0x000000e672c00000)]
  0x00000226732ed800 JavaThread "Service Thread" daemon [_thread_blocked, id=752, stack(0x000000e672c00000,0x000000e672d00000)]
  0x00000226745bd800 JavaThread "C2 CompilerThread1" daemon [_thread_blocked, id=12824, stack(0x000000e673000000,0x000000e673100000)]
  0x0000022678f26000 JavaThread "mysql-cj-abandoned-connection-cleanup" daemon [_thread_blocked, id=4048, stack(0x000000e673100000,0x000000e673200000)]

Other Threads:
=>0x0000022672f11800 VMThread "VM Thread" [stack: 0x000000e672200000,0x000000e672300000] [id=7380]
  0x00000226731b2800 WatcherThread [stack: 0x000000e672d00000,0x000000e672e00000] [id=10816]
  0x000002265432f800 GCTaskThread "GC Thread#0" [stack: 0x000000e671d00000,0x000000e671e00000] [id=10076]
  0x0000022673bed800 GCTaskThread "GC Thread#1" [stack: 0x000000e672e00000,0x000000e672f00000] [id=7732]
  0x0000022674327800 GCTaskThread "GC Thread#2" [stack: 0x000000e672f00000,0x000000e673000000] [id=3004]
  0x0000022654360800 ConcurrentGCThread "G1 Main Marker" [stack: 0x000000e671e00000,0x000000e671f00000] [id=8228]
  0x0000022654362000 ConcurrentGCThread "G1 Conc#0" [stack: 0x000000e671f00000,0x000000e672000000] [id=12096]
  0x0000022672536800 ConcurrentGCThread "G1 Refine#0" [stack: 0x000000e672000000,0x000000e672100000] [id=6900]
  0x0000022672537800 ConcurrentGCThread "G1 Young RemSet Sampling" [stack: 0x000000e672100000,0x000000e672200000] [id=6316]

Threads with active compile tasks:
C2 CompilerThread07551   !   4       liquibase.change.ChangeParameterMetaData::setValue (470 bytes)
C2 CompilerThread17972       4       java.lang.reflect.AccessibleObject::checkAccess (40 bytes)

VM state:at safepoint (normal execution)

VM Mutex/Monitor currently owned by a thread:  ([mutex/lock_event])
[0x0000022654314fa0] Threads_lock - owner thread: 0x0000022672f11800
[0x0000022654315c00] Heap_lock - owner thread: 0x0000022654318800

Heap address: 0x0000000081e00000, size: 2018 MB, Compressed Oops mode: 32-bit
Narrow klass base: 0x0000000000000000, Narrow klass shift: 3
Compressed class space size: 1073741824 Address: 0x0000000100000000

Heap:
 garbage-first heap   total 189440K, used 45500K [0x0000000081e00000, 0x0000000100000000)
  region size 1024K, 4 young (4096K), 4 survivors (4096K)
 Metaspace       used 53129K, capacity 54896K, committed 55196K, reserved 1097728K
  class space    used 6019K, capacity 6591K, committed 6656K, reserved 1048576K
Heap Regions: E=young(eden), S=young(survivor), O=old, HS=humongous(starts), HC=humongous(continues), CS=collection set, F=free, A=archive, TAMS=top-at-mark-start (previous, next)
|   0|0x0000000081e00000, 0x0000000081f00000, 0x0000000081f00000|100%| O|  |TAMS 0x0000000081f00000, 0x0000000081e00000| Untracked 
|   1|0x0000000081f00000, 0x0000000082000000, 0x0000000082000000|100%| O|  |TAMS 0x0000000082000000, 0x0000000081f00000| Untracked 
|   2|0x0000000082000000, 0x0000000082100000, 0x0000000082100000|100%| O|  |TAMS 0x0000000082100000, 0x0000000082000000| Untracked 
|   3|0x0000000082100000, 0x0000000082200000, 0x0000000082200000|100%| O|  |TAMS 0x0000000082200000, 0x0000000082100000| Untracked 
|   4|0x0000000082200000, 0x0000000082300000, 0x0000000082300000|100%| O|  |TAMS 0x0000000082300000, 0x0000000082200000| Untracked 
|   5|0x0000000082300000, 0x0000000082400000, 0x0000000082400000|100%| O|  |TAMS 0x0000000082400000, 0x0000000082300000| Untracked 
|   6|0x0000000082400000, 0x0000000082500000, 0x0000000082500000|100%| O|  |TAMS 0x0000000082500000, 0x0000000082400000| Untracked 
|   7|0x0000000082500000, 0x0000000082600000, 0x0000000082600000|100%| O|  |TAMS 0x0000000082600000, 0x0000000082500000| Untracked 
|   8|0x0000000082600000, 0x0000000082700000, 0x0000000082700000|100%| O|  |TAMS 0x0000000082700000, 0x0000000082600000| Untracked 
|   9|0x0000000082700000, 0x0000000082800000, 0x0000000082800000|100%| O|  |TAMS 0x0000000082800000, 0x0000000082700000| Untracked 
|  10|0x0000000082800000, 0x0000000082900000, 0x0000000082900000|100%| O|  |TAMS 0x0000000082900000, 0x0000000082800000| Untracked 
|  11|0x0000000082900000, 0x0000000082a00000, 0x0000000082a00000|100%| O|  |TAMS 0x0000000082a00000, 0x0000000082900000| Untracked 
|  12|0x0000000082a00000, 0x0000000082b00000, 0x0000000082b00000|100%| O|  |TAMS 0x0000000082b00000, 0x0000000082a00000| Untracked 
|  13|0x0000000082b00000, 0x0000000082c00000, 0x0000000082c00000|100%|HS|  |TAMS 0x0000000082b00000, 0x0000000082b00000| Complete 
|  14|0x0000000082c00000, 0x0000000082d00000, 0x0000000082d00000|100%|HS|  |TAMS 0x0000000082d00000, 0x0000000082c00000| Complete 
|  15|0x0000000082d00000, 0x0000000082e00000, 0x0000000082e00000|100%| O|  |TAMS 0x0000000082e00000, 0x0000000082d00000| Untracked 
|  16|0x0000000082e00000, 0x0000000082f00000, 0x0000000082f00000|100%| O|  |TAMS 0x0000000082f00000, 0x0000000082e00000| Untracked 
|  17|0x0000000082f00000, 0x0000000083000000, 0x0000000083000000|100%| O|  |TAMS 0x0000000083000000, 0x0000000082f00000| Untracked 
|  18|0x0000000083000000, 0x0000000083100000, 0x0000000083100000|100%| O|  |TAMS 0x0000000083100000, 0x0000000083000000| Untracked 
|  19|0x0000000083100000, 0x0000000083200000, 0x0000000083200000|100%| O|  |TAMS 0x0000000083200000, 0x0000000083100000| Untracked 
|  20|0x0000000083200000, 0x0000000083300000, 0x0000000083300000|100%| O|  |TAMS 0x0000000083300000, 0x0000000083200000| Untracked 
|  21|0x0000000083300000, 0x0000000083400000, 0x0000000083400000|100%| O|  |TAMS 0x0000000083400000, 0x0000000083300000| Untracked 
|  22|0x0000000083400000, 0x0000000083500000, 0x0000000083500000|100%| O|  |TAMS 0x0000000083500000, 0x0000000083400000| Untracked 
|  23|0x0000000083500000, 0x0000000083600000, 0x0000000083600000|100%| O|  |TAMS 0x0000000083600000, 0x0000000083500000| Untracked 
|  24|0x0000000083600000, 0x0000000083700000, 0x0000000083700000|100%| O|  |TAMS 0x0000000083700000, 0x0000000083600000| Untracked 
|  25|0x0000000083700000, 0x0000000083800000, 0x0000000083800000|100%| O|  |TAMS 0x0000000083800000, 0x0000000083700000| Untracked 
|  26|0x0000000083800000, 0x0000000083900000, 0x0000000083900000|100%| O|  |TAMS 0x0000000083900000, 0x0000000083800000| Untracked 
|  27|0x0000000083900000, 0x0000000083a00000, 0x0000000083a00000|100%| O|  |TAMS 0x0000000083a00000, 0x0000000083900000| Untracked 
|  28|0x0000000083a00000, 0x0000000083b00000, 0x0000000083b00000|100%| O|  |TAMS 0x0000000083b00000, 0x0000000083a00000| Untracked 
|  29|0x0000000083b00000, 0x0000000083c00000, 0x0000000083c00000|100%| O|  |TAMS 0x0000000083c00000, 0x0000000083b00000| Untracked 
|  30|0x0000000083c00000, 0x0000000083d00000, 0x0000000083d00000|100%| O|  |TAMS 0x0000000083d00000, 0x0000000083c00000| Untracked 
|  31|0x0000000083d00000, 0x0000000083e00000, 0x0000000083e00000|100%| O|  |TAMS 0x0000000083dad000, 0x0000000083d00000| Untracked 
|  32|0x0000000083e00000, 0x0000000083f00000, 0x0000000083f00000|100%| O|  |TAMS 0x0000000083e00000, 0x0000000083e00000| Untracked 
|  33|0x0000000083f00000, 0x0000000084000000, 0x0000000084000000|100%| O|  |TAMS 0x0000000083f00000, 0x0000000083f00000| Untracked 
|  34|0x0000000084000000, 0x0000000084100000, 0x0000000084100000|100%| O|  |TAMS 0x0000000084000000, 0x0000000084000000| Untracked 
|  35|0x0000000084100000, 0x0000000084200000, 0x0000000084200000|100%| O|  |TAMS 0x0000000084100000, 0x0000000084100000| Untracked 
|  36|0x0000000084200000, 0x0000000084300000, 0x0000000084300000|100%| O|  |TAMS 0x0000000084200000, 0x0000000084200000| Untracked 
|  37|0x0000000084300000, 0x0000000084400000, 0x0000000084400000|100%| O|  |TAMS 0x0000000084300000, 0x0000000084300000| Untracked 
|  38|0x0000000084400000, 0x0000000084500000, 0x0000000084500000|100%| O|  |TAMS 0x0000000084400000, 0x0000000084400000| Untracked 
|  39|0x0000000084500000, 0x0000000084600000, 0x0000000084600000|100%| O|  |TAMS 0x0000000084500000, 0x0000000084500000| Untracked 
|  40|0x0000000084600000, 0x0000000084700000, 0x0000000084700000|100%| O|  |TAMS 0x0000000084600000, 0x0000000084600000| Untracked 
|  41|0x0000000084700000, 0x0000000084737c00, 0x0000000084800000| 21%| O|  |TAMS 0x0000000084700000, 0x0000000084700000| Untracked 
|  42|0x0000000084800000, 0x0000000084800000, 0x0000000084900000|  0%| F|  |TAMS 0x0000000084800000, 0x0000000084800000| Untracked 
|  43|0x0000000084900000, 0x0000000084900000, 0x0000000084a00000|  0%| F|  |TAMS 0x0000000084900000, 0x0000000084900000| Untracked 
|  44|0x0000000084a00000, 0x0000000084a00000, 0x0000000084b00000|  0%| F|  |TAMS 0x0000000084a00000, 0x0000000084a00000| Untracked 
|  45|0x0000000084b00000, 0x0000000084b00000, 0x0000000084c00000|  0%| F|  |TAMS 0x0000000084b00000, 0x0000000084b00000| Untracked 
|  46|0x0000000084c00000, 0x0000000084c00000, 0x0000000084d00000|  0%| F|  |TAMS 0x0000000084c00000, 0x0000000084c00000| Untracked 
|  47|0x0000000084d00000, 0x0000000084d00000, 0x0000000084e00000|  0%| F|  |TAMS 0x0000000084d00000, 0x0000000084d00000| Untracked 
|  48|0x0000000084e00000, 0x0000000084e00000, 0x0000000084f00000|  0%| F|  |TAMS 0x0000000084e00000, 0x0000000084e00000| Untracked 
|  49|0x0000000084f00000, 0x0000000084f00000, 0x0000000085000000|  0%| F|  |TAMS 0x0000000084f00000, 0x0000000084f00000| Untracked 
|  50|0x0000000085000000, 0x0000000085000000, 0x0000000085100000|  0%| F|  |TAMS 0x0000000085000000, 0x0000000085000000| Untracked 
|  51|0x0000000085100000, 0x0000000085100000, 0x0000000085200000|  0%| F|  |TAMS 0x0000000085100000, 0x0000000085100000| Untracked 
|  52|0x0000000085200000, 0x0000000085200000, 0x0000000085300000|  0%| F|  |TAMS 0x0000000085200000, 0x0000000085200000| Untracked 
|  53|0x0000000085300000, 0x0000000085300000, 0x0000000085400000|  0%| F|  |TAMS 0x0000000085300000, 0x0000000085300000| Untracked 
|  54|0x0000000085400000, 0x0000000085400000, 0x0000000085500000|  0%| F|  |TAMS 0x0000000085400000, 0x0000000085400000| Untracked 
|  55|0x0000000085500000, 0x0000000085500000, 0x0000000085600000|  0%| F|  |TAMS 0x0000000085500000, 0x0000000085500000| Untracked 
|  56|0x0000000085600000, 0x0000000085600000, 0x0000000085700000|  0%| F|  |TAMS 0x0000000085600000, 0x0000000085600000| Untracked 
|  57|0x0000000085700000, 0x0000000085700000, 0x0000000085800000|  0%| F|  |TAMS 0x0000000085700000, 0x0000000085700000| Untracked 
|  58|0x0000000085800000, 0x0000000085800000, 0x0000000085900000|  0%| F|  |TAMS 0x0000000085800000, 0x0000000085800000| Untracked 
|  59|0x0000000085900000, 0x0000000085900000, 0x0000000085a00000|  0%| F|  |TAMS 0x0000000085900000, 0x0000000085900000| Untracked 
|  60|0x0000000085a00000, 0x0000000085a00000, 0x0000000085b00000|  0%| F|  |TAMS 0x0000000085a00000, 0x0000000085a00000| Untracked 
|  61|0x0000000085b00000, 0x0000000085b00000, 0x0000000085c00000|  0%| F|  |TAMS 0x0000000085b00000, 0x0000000085b00000| Untracked 
|  62|0x0000000085c00000, 0x0000000085c00000, 0x0000000085d00000|  0%| F|  |TAMS 0x0000000085c00000, 0x0000000085c00000| Untracked 
|  63|0x0000000085d00000, 0x0000000085d00000, 0x0000000085e00000|  0%| F|  |TAMS 0x0000000085d00000, 0x0000000085d00000| Untracked 
|  64|0x0000000085e00000, 0x0000000085e00000, 0x0000000085f00000|  0%| F|  |TAMS 0x0000000085e00000, 0x0000000085e00000| Untracked 
|  65|0x0000000085f00000, 0x0000000085f00000, 0x0000000086000000|  0%| F|  |TAMS 0x0000000085f00000, 0x0000000085f00000| Untracked 
|  66|0x0000000086000000, 0x0000000086000000, 0x0000000086100000|  0%| F|  |TAMS 0x0000000086000000, 0x0000000086000000| Untracked 
|  67|0x0000000086100000, 0x0000000086100000, 0x0000000086200000|  0%| F|  |TAMS 0x0000000086100000, 0x0000000086100000| Untracked 
|  68|0x0000000086200000, 0x0000000086200000, 0x0000000086300000|  0%| F|  |TAMS 0x0000000086200000, 0x0000000086200000| Untracked 
|  69|0x0000000086300000, 0x0000000086300000, 0x0000000086400000|  0%| F|  |TAMS 0x0000000086300000, 0x0000000086300000| Untracked 
|  70|0x0000000086400000, 0x0000000086400000, 0x0000000086500000|  0%| F|  |TAMS 0x0000000086400000, 0x0000000086400000| Untracked 
|  71|0x0000000086500000, 0x0000000086500000, 0x0000000086600000|  0%| F|  |TAMS 0x0000000086500000, 0x0000000086500000| Untracked 
|  72|0x0000000086600000, 0x0000000086600000, 0x0000000086700000|  0%| F|  |TAMS 0x0000000086600000, 0x0000000086600000| Untracked 
|  73|0x0000000086700000, 0x0000000086700000, 0x0000000086800000|  0%| F|  |TAMS 0x0000000086700000, 0x0000000086700000| Untracked 
|  74|0x0000000086800000, 0x0000000086800000, 0x0000000086900000|  0%| F|  |TAMS 0x0000000086800000, 0x0000000086800000| Untracked 
|  75|0x0000000086900000, 0x00000000869374e0, 0x0000000086a00000| 21%| S|CS|TAMS 0x0000000086900000, 0x0000000086900000| Complete 
|  76|0x0000000086a00000, 0x0000000086b00000, 0x0000000086b00000|100%| S|CS|TAMS 0x0000000086a00000, 0x0000000086a00000| Complete 
|  77|0x0000000086b00000, 0x0000000086c00000, 0x0000000086c00000|100%| S|CS|TAMS 0x0000000086b00000, 0x0000000086b00000| Complete 
|  78|0x0000000086c00000, 0x0000000086d00000, 0x0000000086d00000|100%| S|CS|TAMS 0x0000000086c00000, 0x0000000086c00000| Complete 
|  79|0x0000000086d00000, 0x0000000086d00000, 0x0000000086e00000|  0%| F|  |TAMS 0x0000000086d00000, 0x0000000086d00000| Untracked 
|  80|0x0000000086e00000, 0x0000000086e00000, 0x0000000086f00000|  0%| F|  |TAMS 0x0000000086e00000, 0x0000000086e00000| Untracked 
|  81|0x0000000086f00000, 0x0000000086f00000, 0x0000000087000000|  0%| F|  |TAMS 0x0000000086f00000, 0x0000000086f00000| Untracked 
|  82|0x0000000087000000, 0x0000000087000000, 0x0000000087100000|  0%| F|  |TAMS 0x0000000087000000, 0x0000000087000000| Untracked 
|  83|0x0000000087100000, 0x0000000087100000, 0x0000000087200000|  0%| F|  |TAMS 0x0000000087100000, 0x0000000087100000| Untracked 
|  84|0x0000000087200000, 0x0000000087200000, 0x0000000087300000|  0%| F|  |TAMS 0x0000000087200000, 0x0000000087200000| Untracked 
|  85|0x0000000087300000, 0x0000000087300000, 0x0000000087400000|  0%| F|  |TAMS 0x0000000087300000, 0x0000000087300000| Untracked 
|  86|0x0000000087400000, 0x0000000087400000, 0x0000000087500000|  0%| F|  |TAMS 0x0000000087400000, 0x0000000087400000| Untracked 
|  87|0x0000000087500000, 0x0000000087500000, 0x0000000087600000|  0%| F|  |TAMS 0x0000000087500000, 0x0000000087500000| Untracked 
|  88|0x0000000087600000, 0x0000000087600000, 0x0000000087700000|  0%| F|  |TAMS 0x0000000087600000, 0x0000000087600000| Untracked 
|  89|0x0000000087700000, 0x0000000087700000, 0x0000000087800000|  0%| F|  |TAMS 0x0000000087700000, 0x0000000087700000| Untracked 
|  90|0x0000000087800000, 0x0000000087800000, 0x0000000087900000|  0%| F|  |TAMS 0x0000000087800000, 0x0000000087800000| Untracked 
|  91|0x0000000087900000, 0x0000000087900000, 0x0000000087a00000|  0%| F|  |TAMS 0x0000000087900000, 0x0000000087900000| Untracked 
|  92|0x0000000087a00000, 0x0000000087a00000, 0x0000000087b00000|  0%| F|  |TAMS 0x0000000087a00000, 0x0000000087a00000| Untracked 
|  93|0x0000000087b00000, 0x0000000087b00000, 0x0000000087c00000|  0%| F|  |TAMS 0x0000000087b00000, 0x0000000087b00000| Untracked 
|  94|0x0000000087c00000, 0x0000000087c00000, 0x0000000087d00000|  0%| F|  |TAMS 0x0000000087c00000, 0x0000000087c00000| Untracked 
|  95|0x0000000087d00000, 0x0000000087d00000, 0x0000000087e00000|  0%| F|  |TAMS 0x0000000087d00000, 0x0000000087d00000| Untracked 
|  96|0x0000000087e00000, 0x0000000087e00000, 0x0000000087f00000|  0%| F|  |TAMS 0x0000000087e00000, 0x0000000087e00000| Untracked 
|  97|0x0000000087f00000, 0x0000000087f00000, 0x0000000088000000|  0%| F|  |TAMS 0x0000000087f00000, 0x0000000087f00000| Untracked 
|  98|0x0000000088000000, 0x0000000088000000, 0x0000000088100000|  0%| F|  |TAMS 0x0000000088000000, 0x0000000088000000| Untracked 
|  99|0x0000000088100000, 0x0000000088100000, 0x0000000088200000|  0%| F|  |TAMS 0x0000000088100000, 0x0000000088100000| Untracked 
| 100|0x0000000088200000, 0x0000000088200000, 0x0000000088300000|  0%| F|  |TAMS 0x0000000088200000, 0x0000000088200000| Untracked 
| 101|0x0000000088300000, 0x0000000088300000, 0x0000000088400000|  0%| F|  |TAMS 0x0000000088300000, 0x0000000088300000| Untracked 
| 102|0x0000000088400000, 0x0000000088400000, 0x0000000088500000|  0%| F|  |TAMS 0x0000000088400000, 0x0000000088400000| Untracked 
| 103|0x0000000088500000, 0x0000000088500000, 0x0000000088600000|  0%| F|  |TAMS 0x0000000088500000, 0x0000000088500000| Untracked 
| 104|0x0000000088600000, 0x0000000088600000, 0x0000000088700000|  0%| F|  |TAMS 0x0000000088600000, 0x0000000088600000| Untracked 
| 105|0x0000000088700000, 0x0000000088700000, 0x0000000088800000|  0%| F|  |TAMS 0x0000000088700000, 0x0000000088700000| Untracked 
| 106|0x0000000088800000, 0x0000000088800000, 0x0000000088900000|  0%| F|  |TAMS 0x0000000088800000, 0x0000000088800000| Untracked 
| 107|0x0000000088900000, 0x0000000088900000, 0x0000000088a00000|  0%| F|  |TAMS 0x0000000088900000, 0x0000000088900000| Untracked 
| 108|0x0000000088a00000, 0x0000000088a00000, 0x0000000088b00000|  0%| F|  |TAMS 0x0000000088a00000, 0x0000000088a00000| Untracked 
| 109|0x0000000088b00000, 0x0000000088b00000, 0x0000000088c00000|  0%| F|  |TAMS 0x0000000088b00000, 0x0000000088b00000| Untracked 
| 110|0x0000000088c00000, 0x0000000088c00000, 0x0000000088d00000|  0%| F|  |TAMS 0x0000000088c00000, 0x0000000088c00000| Untracked 
| 111|0x0000000088d00000, 0x0000000088d00000, 0x0000000088e00000|  0%| F|  |TAMS 0x0000000088d00000, 0x0000000088d00000| Untracked 
| 112|0x0000000088e00000, 0x0000000088e00000, 0x0000000088f00000|  0%| F|  |TAMS 0x0000000088e00000, 0x0000000088e00000| Untracked 
| 113|0x0000000088f00000, 0x0000000088f00000, 0x0000000089000000|  0%| F|  |TAMS 0x0000000088f00000, 0x0000000088f00000| Untracked 
| 114|0x0000000089000000, 0x0000000089000000, 0x0000000089100000|  0%| F|  |TAMS 0x0000000089000000, 0x0000000089000000| Untracked 
| 115|0x0000000089100000, 0x0000000089100000, 0x0000000089200000|  0%| F|  |TAMS 0x0000000089100000, 0x0000000089100000| Untracked 
| 116|0x0000000089200000, 0x0000000089200000, 0x0000000089300000|  0%| F|  |TAMS 0x0000000089200000, 0x0000000089200000| Untracked 
| 117|0x0000000089300000, 0x0000000089300000, 0x0000000089400000|  0%| F|  |TAMS 0x0000000089300000, 0x0000000089300000| Untracked 
| 118|0x0000000089400000, 0x0000000089400000, 0x0000000089500000|  0%| F|  |TAMS 0x0000000089400000, 0x0000000089400000| Untracked 
| 119|0x0000000089500000, 0x0000000089500000, 0x0000000089600000|  0%| F|  |TAMS 0x0000000089500000, 0x0000000089500000| Untracked 
| 120|0x0000000089600000, 0x0000000089600000, 0x0000000089700000|  0%| F|  |TAMS 0x0000000089600000, 0x0000000089600000| Untracked 
| 121|0x0000000089700000, 0x0000000089700000, 0x0000000089800000|  0%| F|  |TAMS 0x0000000089700000, 0x0000000089700000| Untracked 
| 122|0x0000000089800000, 0x0000000089800000, 0x0000000089900000|  0%| F|  |TAMS 0x0000000089800000, 0x0000000089800000| Untracked 
| 123|0x0000000089900000, 0x0000000089900000, 0x0000000089a00000|  0%| F|  |TAMS 0x0000000089900000, 0x0000000089900000| Untracked 
| 124|0x0000000089a00000, 0x0000000089a00000, 0x0000000089b00000|  0%| F|  |TAMS 0x0000000089a00000, 0x0000000089a00000| Untracked 
| 125|0x0000000089b00000, 0x0000000089b00000, 0x0000000089c00000|  0%| F|  |TAMS 0x0000000089b00000, 0x0000000089b00000| Untracked 
| 126|0x0000000089c00000, 0x0000000089c00000, 0x0000000089d00000|  0%| F|  |TAMS 0x0000000089c00000, 0x0000000089c00000| Untracked 
| 127|0x0000000089d00000, 0x0000000089d00000, 0x0000000089e00000|  0%| F|  |TAMS 0x0000000089d00000, 0x0000000089d00000| Untracked 
| 128|0x0000000089e00000, 0x0000000089e00000, 0x0000000089f00000|  0%| F|  |TAMS 0x0000000089e00000, 0x0000000089e00000| Untracked 
| 129|0x0000000089f00000, 0x0000000089f00000, 0x000000008a000000|  0%| F|  |TAMS 0x0000000089f00000, 0x0000000089f00000| Untracked 
| 130|0x000000008a000000, 0x000000008a000000, 0x000000008a100000|  0%| F|  |TAMS 0x000000008a000000, 0x000000008a000000| Untracked 
| 131|0x000000008a100000, 0x000000008a100000, 0x000000008a200000|  0%| F|  |TAMS 0x000000008a100000, 0x000000008a100000| Untracked 
| 132|0x000000008a200000, 0x000000008a200000, 0x000000008a300000|  0%| F|  |TAMS 0x000000008a200000, 0x000000008a200000| Untracked 
| 133|0x000000008a300000, 0x000000008a300000, 0x000000008a400000|  0%| F|  |TAMS 0x000000008a300000, 0x000000008a300000| Untracked 
| 134|0x000000008a400000, 0x000000008a400000, 0x000000008a500000|  0%| F|  |TAMS 0x000000008a400000, 0x000000008a400000| Untracked 
| 135|0x000000008a500000, 0x000000008a500000, 0x000000008a600000|  0%| F|  |TAMS 0x000000008a500000, 0x000000008a500000| Untracked 
| 136|0x000000008a600000, 0x000000008a600000, 0x000000008a700000|  0%| F|  |TAMS 0x000000008a600000, 0x000000008a600000| Untracked 
| 137|0x000000008a700000, 0x000000008a700000, 0x000000008a800000|  0%| F|  |TAMS 0x000000008a700000, 0x000000008a700000| Untracked 
| 138|0x000000008a800000, 0x000000008a800000, 0x000000008a900000|  0%| F|  |TAMS 0x000000008a800000, 0x000000008a800000| Untracked 
| 139|0x000000008a900000, 0x000000008a900000, 0x000000008aa00000|  0%| F|  |TAMS 0x000000008a900000, 0x000000008a900000| Untracked 
| 140|0x000000008aa00000, 0x000000008aa00000, 0x000000008ab00000|  0%| F|  |TAMS 0x000000008aa00000, 0x000000008aa00000| Untracked 
| 141|0x000000008ab00000, 0x000000008ab00000, 0x000000008ac00000|  0%| F|  |TAMS 0x000000008ab00000, 0x000000008ab00000| Untracked 
| 142|0x000000008ac00000, 0x000000008ac00000, 0x000000008ad00000|  0%| F|  |TAMS 0x000000008ac00000, 0x000000008ac00000| Untracked 
| 143|0x000000008ad00000, 0x000000008ad00000, 0x000000008ae00000|  0%| F|  |TAMS 0x000000008ad00000, 0x000000008ad00000| Untracked 
| 144|0x000000008ae00000, 0x000000008ae00000, 0x000000008af00000|  0%| F|  |TAMS 0x000000008ae00000, 0x000000008ae00000| Untracked 
| 145|0x000000008af00000, 0x000000008af00000, 0x000000008b000000|  0%| F|  |TAMS 0x000000008af00000, 0x000000008af00000| Untracked 
| 146|0x000000008b000000, 0x000000008b000000, 0x000000008b100000|  0%| F|  |TAMS 0x000000008b000000, 0x000000008b000000| Untracked 
| 147|0x000000008b100000, 0x000000008b100000, 0x000000008b200000|  0%| F|  |TAMS 0x000000008b100000, 0x000000008b100000| Untracked 
| 148|0x000000008b200000, 0x000000008b200000, 0x000000008b300000|  0%| F|  |TAMS 0x000000008b200000, 0x000000008b200000| Untracked 
| 149|0x000000008b300000, 0x000000008b300000, 0x000000008b400000|  0%| F|  |TAMS 0x000000008b300000, 0x000000008b300000| Untracked 
| 150|0x000000008b400000, 0x000000008b400000, 0x000000008b500000|  0%| F|  |TAMS 0x000000008b400000, 0x000000008b400000| Untracked 
| 151|0x000000008b500000, 0x000000008b500000, 0x000000008b600000|  0%| F|  |TAMS 0x000000008b500000, 0x000000008b500000| Untracked 
| 152|0x000000008b600000, 0x000000008b600000, 0x000000008b700000|  0%| F|  |TAMS 0x000000008b600000, 0x000000008b600000| Untracked 
| 153|0x000000008b700000, 0x000000008b700000, 0x000000008b800000|  0%| F|  |TAMS 0x000000008b700000, 0x000000008b700000| Untracked 

Card table byte_map: [0x000002266baa0000,0x000002266bea0000] _byte_map_base: 0x000002266b691000

Marking Bits (Prev, Next): (CMBitMap*) 0x0000022654358158, (CMBitMap*) 0x0000022654358190
 Prev Bits: [0x000002266c2a0000, 0x000002266e228000)
 Next Bits: [0x000002266e230000, 0x00000226701b8000)

Polling page: 0x0000022653af0000

Metaspace:

Usage:
  Non-class:     47.17 MB capacity,    46.01 MB ( 98%) used,     1.05 MB (  2%) free+waste,   123.88 KB ( <1%) overhead. 
      Class:      6.44 MB capacity,     5.88 MB ( 91%) used,   516.44 KB (  8%) free+waste,    54.81 KB ( <1%) overhead. 
       Both:     53.61 MB capacity,    51.88 MB ( 97%) used,     1.55 MB (  3%) free+waste,   178.69 KB ( <1%) overhead. 

Virtual space:
  Non-class space:       48.00 MB reserved,      47.40 MB ( 99%) committed 
      Class space:        1.00 GB reserved,       6.50 MB ( <1%) committed 
             Both:        1.05 GB reserved,      53.90 MB (  5%) committed 

Chunk freelists:
   Non-Class:  384 bytes
       Class:  0 bytes
        Both:  384 bytes

CodeHeap 'non-profiled nmethods': size=120064Kb used=4974Kb max_used=4974Kb free=115089Kb
 bounds [0x0000022664160000, 0x0000022664640000, 0x000002266b6a0000]
CodeHeap 'profiled nmethods': size=120000Kb used=19154Kb max_used=19154Kb free=100846Kb
 bounds [0x000002265cc30000, 0x000002265def0000, 0x0000022664160000]
CodeHeap 'non-nmethods': size=5696Kb used=1197Kb max_used=1249Kb free=4498Kb
 bounds [0x000002265c6a0000, 0x000002265c910000, 0x000002265cc30000]
 total_blobs=10435 nmethods=7989 adapters=468
 compilation: enabled
              stopped_count=0, restarted_count=0
 full_count=0

Compilation events (10 events):
Event: 8.687 Thread 0x00000226726eb800 8023       1       com.datical.liquibase.ext.storedlogic.databasepackage.change.CreatePackageChange::getPackageText (5 bytes)
Event: 8.687 Thread 0x00000226726eb800 nmethod 8023 0x000002266463b190 code [0x000002266463b340, 0x000002266463b458]
Event: 8.687 Thread 0x00000226726eb800 8024       1       com.datical.liquibase.ext.storedlogic.databasepackage.change.CreatePackageChange::getPackageName (5 bytes)
Event: 8.687 Thread 0x00000226726eb800 nmethod 8024 0x000002266463b510 code [0x000002266463b6c0, 0x000002266463b7d8]
Event: 8.689 Thread 0x00000226726eb800 8025       3       com.datical.liquibase.ext.storedlogic.databasepackage.change.CreatePackageChange::getProcedureText (5 bytes)
Event: 8.689 Thread 0x00000226726eb800 nmethod 8025 0x000002265dee2a90 code [0x000002265dee2c40, 0x000002265dee2db8]
Event: 8.689 Thread 0x00000226726eb800 8026       3       com.datical.liquibase.ext.storedlogic.databasepackage.change.CreatePackageChange::generateStatements (29 bytes)
Event: 8.689 Thread 0x00000226726eb800 nmethod 8026 0x000002265dee2e90 code [0x000002265dee3080, 0x000002265dee3670]
Event: 8.690 Thread 0x00000226726eb800 8027       3       com.datical.liquibase.ext.storedlogic.databasepackage.change.CreatePackageGenerator::validate (11 bytes)
Event: 8.691 Thread 0x00000226726eb800 nmethod 8027 0x000002265dee3810 code [0x000002265dee3a80, 0x000002265dee46a0]

GC Heap History (10 events):
Event: 4.866 GC heap after
{Heap after GC invocations=9 (full 0):
 garbage-first heap   total 157696K, used 32631K [0x0000000081e00000, 0x0000000100000000)
  region size 1024K, 9 young (9216K), 9 survivors (9216K)
 Metaspace       used 34247K, capacity 35089K, committed 35376K, reserved 1081344K
  class space    used 3660K, capacity 3902K, committed 3968K, reserved 1048576K
}
Event: 5.033 GC heap before
{Heap before GC invocations=9 (full 0):
 garbage-first heap   total 157696K, used 42871K [0x0000000081e00000, 0x0000000100000000)
  region size 1024K, 20 young (20480K), 9 survivors (9216K)
 Metaspace       used 34798K, capacity 35731K, committed 35888K, reserved 1081344K
  class space    used 3698K, capacity 3962K, committed 3968K, reserved 1048576K
}
Event: 5.040 GC heap after
{Heap after GC invocations=10 (full 0):
 garbage-first heap   total 157696K, used 33972K [0x0000000081e00000, 0x0000000100000000)
  region size 1024K, 2 young (2048K), 2 survivors (2048K)
 Metaspace       used 34798K, capacity 35731K, committed 35888K, reserved 1081344K
  class space    used 3698K, capacity 3962K, committed 3968K, reserved 1048576K
}
Event: 6.410 GC heap before
{Heap before GC invocations=11 (full 0):
 garbage-first heap   total 157696K, used 132276K [0x0000000081e00000, 0x0000000100000000)
  region size 1024K, 74 young (75776K), 2 survivors (2048K)
 Metaspace       used 38541K, capacity 39576K, committed 39708K, reserved 1085440K
  class space    used 4100K, capacity 4450K, committed 4480K, reserved 1048576K
}
Event: 6.416 GC heap after
{Heap after GC invocations=12 (full 0):
 garbage-first heap   total 157696K, used 35324K [0x0000000081e00000, 0x0000000100000000)
  region size 1024K, 4 young (4096K), 4 survivors (4096K)
 Metaspace       used 38541K, capacity 39576K, committed 39708K, reserved 1085440K
  class space    used 4100K, capacity 4450K, committed 4480K, reserved 1048576K
}
Event: 7.488 GC heap before
{Heap before GC invocations=12 (full 0):
 garbage-first heap   total 157696K, used 114172K [0x0000000081e00000, 0x0000000100000000)
  region size 1024K, 80 young (81920K), 4 survivors (4096K)
 Metaspace       used 48759K, capacity 49859K, committed 49948K, reserved 1093632K
  class space    used 5572K, capacity 5984K, committed 6016K, reserved 1048576K
}
Event: 7.496 GC heap after
{Heap after GC invocations=13 (full 0):
 garbage-first heap   total 157696K, used 42532K [0x0000000081e00000, 0x0000000100000000)
  region size 1024K, 10 young (10240K), 10 survivors (10240K)
 Metaspace       used 48759K, capacity 49859K, committed 49948K, reserved 1093632K
  class space    used 5572K, capacity 5984K, committed 6016K, reserved 1048576K
}
Event: 8.267 GC heap before
{Heap before GC invocations=13 (full 0):
 garbage-first heap   total 157696K, used 116260K [0x0000000081e00000, 0x0000000100000000)
  region size 1024K, 82 young (83968K), 10 survivors (10240K)
 Metaspace       used 52310K, capacity 53880K, committed 54044K, reserved 1097728K
  class space    used 5949K, capacity 6438K, committed 6528K, reserved 1048576K
}
Event: 8.278 GC heap after
{Heap after GC invocations=14 (full 0):
 garbage-first heap   total 157696K, used 44722K [0x0000000081e00000, 0x0000000100000000)
  region size 1024K, 3 young (3072K), 3 survivors (3072K)
 Metaspace       used 52310K, capacity 53880K, committed 54044K, reserved 1097728K
  class space    used 5949K, capacity 6438K, committed 6528K, reserved 1048576K
}
Event: 8.694 GC heap before
{Heap before GC invocations=14 (full 0):
 garbage-first heap   total 157696K, used 118450K [0x0000000081e00000, 0x0000000100000000)
  region size 1024K, 75 young (76800K), 3 survivors (3072K)
 Metaspace       used 53129K, capacity 54896K, committed 55196K, reserved 1097728K
  class space    used 6019K, capacity 6591K, committed 6656K, reserved 1048576K
}

Deoptimization events (10 events):
Event: 7.799 Thread 0x0000022654318800 Uncommon trap: reason=class_check action=maybe_recompile pc=0x000002266450ae50 method=java.util.Collections$UnmodifiableMap.entrySet()Ljava/util/Set; @ 16 c2
Event: 7.799 Thread 0x0000022654318800 Uncommon trap: reason=class_check action=maybe_recompile pc=0x000002266450b5cc method=java.util.Collections$UnmodifiableMap$UnmodifiableEntrySet$1.<init>(Ljava/util/Collections$UnmodifiableMap$UnmodifiableEntrySet;)V @ 17 c2
Event: 7.801 Thread 0x0000022654318800 Uncommon trap: reason=class_check action=maybe_recompile pc=0x000002266450ae50 method=java.util.Collections$UnmodifiableMap.entrySet()Ljava/util/Set; @ 16 c2
Event: 7.801 Thread 0x0000022654318800 Uncommon trap: reason=class_check action=maybe_recompile pc=0x000002266450b5cc method=java.util.Collections$UnmodifiableMap$UnmodifiableEntrySet$1.<init>(Ljava/util/Collections$UnmodifiableMap$UnmodifiableEntrySet;)V @ 17 c2
Event: 7.879 Thread 0x0000022654318800 Uncommon trap: reason=class_check action=maybe_recompile pc=0x000002266450ae50 method=java.util.Collections$UnmodifiableMap.entrySet()Ljava/util/Set; @ 16 c2
Event: 8.038 Thread 0x0000022654318800 Uncommon trap: reason=class_check action=maybe_recompile pc=0x0000022664551a48 method=java.util.AbstractList$Itr.next()Ljava/lang/Object; @ 14 c2
Event: 8.043 Thread 0x0000022654318800 Uncommon trap: reason=class_check action=maybe_recompile pc=0x0000022664551a48 method=java.util.AbstractList$Itr.next()Ljava/lang/Object; @ 14 c2
Event: 8.043 Thread 0x0000022654318800 Uncommon trap: reason=class_check action=maybe_recompile pc=0x0000022664551a48 method=java.util.AbstractList$Itr.next()Ljava/lang/Object; @ 14 c2
Event: 8.044 Thread 0x0000022654318800 Uncommon trap: reason=class_check action=maybe_recompile pc=0x0000022664551a48 method=java.util.AbstractList$Itr.next()Ljava/lang/Object; @ 14 c2
Event: 8.411 Thread 0x0000022654318800 Uncommon trap: reason=unstable_if action=reinterpret pc=0x00000226645b3324 method=java.beans.Introspector.decapitalize(Ljava/lang/String;)Ljava/lang/String; @ 29 c2

Classes redefined (0 events):
No events

Internal exceptions (10 events):
Event: 8.620 Thread 0x0000022654318800 Exception <a 'java/lang/ClassNotFoundException'{0x0000000088166d80}: liquibase/change/core/DropUniqueConstraintChangeBeanInfo> (0x0000000088166d80) thrown at [t:/workspace/open/src/hotspot/share/classfile/systemDictionary.cpp, line 231]
Event: 8.621 Thread 0x0000022654318800 Exception <a 'java/lang/ClassNotFoundException'{0x000000008816fc98}: liquibase/change/core/DropUniqueConstraintChangeCustomizer> (0x000000008816fc98) thrown at [t:/workspace/open/src/hotspot/share/classfile/systemDictionary.cpp, line 231]
Event: 8.630 Thread 0x0000022654318800 Exception <a 'java/lang/ClassNotFoundException'{0x0000000087fc0530}: liquibase/change/core/SetColumnRemarksChangeBeanInfo> (0x0000000087fc0530) thrown at [t:/workspace/open/src/hotspot/share/classfile/systemDictionary.cpp, line 231]
Event: 8.630 Thread 0x0000022654318800 Exception <a 'java/lang/ClassNotFoundException'{0x0000000087fc9210}: liquibase/change/core/SetColumnRemarksChangeCustomizer> (0x0000000087fc9210) thrown at [t:/workspace/open/src/hotspot/share/classfile/systemDictionary.cpp, line 231]
Event: 8.642 Thread 0x0000022654318800 Exception <a 'java/lang/ClassNotFoundException'{0x0000000087c83cc0}: liquibase/change/core/CreateTableChangeBeanInfo> (0x0000000087c83cc0) thrown at [t:/workspace/open/src/hotspot/share/classfile/systemDictionary.cpp, line 231]
Event: 8.642 Thread 0x0000022654318800 Exception <a 'java/lang/ClassNotFoundException'{0x0000000087c8c660}: liquibase/change/core/CreateTableChangeCustomizer> (0x0000000087c8c660) thrown at [t:/workspace/open/src/hotspot/share/classfile/systemDictionary.cpp, line 231]
Event: 8.656 Thread 0x0000022654318800 Exception <a 'java/lang/ClassNotFoundException'{0x00000000879cf058}: liquibase/change/core/AlterSequenceChangeBeanInfo> (0x00000000879cf058) thrown at [t:/workspace/open/src/hotspot/share/classfile/systemDictionary.cpp, line 231]
Event: 8.657 Thread 0x0000022654318800 Exception <a 'java/lang/ClassNotFoundException'{0x00000000879d7cc8}: liquibase/change/core/AlterSequenceChangeCustomizer> (0x00000000879d7cc8) thrown at [t:/workspace/open/src/hotspot/share/classfile/systemDictionary.cpp, line 231]
Event: 8.684 Thread 0x0000022654318800 Exception <a 'java/lang/ClassNotFoundException'{0x0000000087349798}: com/datical/liquibase/ext/storedlogic/databasepackage/change/CreatePackageChangeBeanInfo> (0x0000000087349798) thrown at [t:/workspace/open/src/hotspot/share/classfile/systemDictionary.c
Event: 8.684 Thread 0x0000022654318800 Exception <a 'java/lang/ClassNotFoundException'{0x0000000087353c28}: com/datical/liquibase/ext/storedlogic/databasepackage/change/CreatePackageChangeCustomizer> (0x0000000087353c28) thrown at [t:/workspace/open/src/hotspot/share/classfile/systemDictionary

Events (10 events):
Event: 8.684 loading class com/datical/liquibase/ext/storedlogic/databasepackage/change/CreatePackageChangeCustomizer done
Event: 8.684 loading class com/datical/liquibase/ext/storedlogic/databasepackage/change/CreatePackageChangeCustomizer
Event: 8.684 loading class com/datical/liquibase/ext/storedlogic/databasepackage/change/CreatePackageChangeCustomizer done
Event: 8.684 loading class com/datical/liquibase/ext/storedlogic/databasepackage/change/CreatePackageChangeCustomizer
Event: 8.684 loading class com/datical/liquibase/ext/storedlogic/databasepackage/change/CreatePackageChangeCustomizer done
Event: 8.684 loading class com/datical/liquibase/ext/storedlogic/databasepackage/change/CreatePackageChangeCustomizer
Event: 8.684 loading class com/datical/liquibase/ext/storedlogic/databasepackage/change/CreatePackageChangeCustomizer done
Event: 8.684 loading class com/datical/liquibase/ext/storedlogic/databasepackage/change/CreatePackageChangeCustomizer
Event: 8.684 loading class com/datical/liquibase/ext/storedlogic/databasepackage/change/CreatePackageChangeCustomizer done
Event: 8.694 Executing VM operation: G1CollectForAllocation


Dynamic libraries:
0x00007ff67f3f0000 - 0x00007ff67f437000 	C:\Program Files\Java\jdk-11.0.6\bin\java.exe
0x00007ffe5d560000 - 0x00007ffe5d750000 	C:\Windows\SYSTEM32\ntdll.dll
0x00007ffe5b6d0000 - 0x00007ffe5b782000 	C:\Windows\System32\KERNEL32.DLL
0x00007ffe5b340000 - 0x00007ffe5b5e5000 	C:\Windows\System32\KERNELBASE.dll
0x00007ffe5ba60000 - 0x00007ffe5bb03000 	C:\Windows\System32\ADVAPI32.dll
0x00007ffe5c540000 - 0x00007ffe5c5de000 	C:\Windows\System32\msvcrt.dll
0x00007ffe5d420000 - 0x00007ffe5d4b7000 	C:\Windows\System32\sechost.dll
0x00007ffe5b860000 - 0x00007ffe5b980000 	C:\Windows\System32\RPCRT4.dll
0x00007ffe5d280000 - 0x00007ffe5d415000 	C:\Windows\System32\USER32.dll
0x00007ffe5b1e0000 - 0x00007ffe5b201000 	C:\Windows\System32\win32u.dll
0x00007ffe5b610000 - 0x00007ffe5b636000 	C:\Windows\System32\GDI32.dll
0x00007ffe5a670000 - 0x00007ffe5a806000 	C:\Windows\System32\gdi32full.dll
0x00007ffe5a4f0000 - 0x00007ffe5a58e000 	C:\Windows\System32\msvcp_win.dll
0x00007ffe5b0e0000 - 0x00007ffe5b1da000 	C:\Windows\System32\ucrtbase.dll
0x00007ffe4fc10000 - 0x00007ffe4fe94000 	C:\Windows\WinSxS\amd64_microsoft.windows.common-controls_6595b64144ccf1df_6.0.18362.1082_none_9e8193e1e45b25c1\COMCTL32.dll
0x00007ffe53ae0000 - 0x00007ffe53aea000 	C:\Windows\SYSTEM32\VERSION.dll
0x00007ffe5c200000 - 0x00007ffe5c535000 	C:\Windows\System32\combase.dll
0x00007ffe5b210000 - 0x00007ffe5b290000 	C:\Windows\System32\bcryptPrimitives.dll
0x00007ffe5c660000 - 0x00007ffe5c68e000 	C:\Windows\System32\IMM32.DLL
0x00007ffe56d00000 - 0x00007ffe56d16000 	C:\Program Files\Java\jdk-11.0.6\bin\vcruntime140.dll
0x00007ffe4eb70000 - 0x00007ffe4ec1a000 	C:\Program Files\Java\jdk-11.0.6\bin\msvcp140.dll
0x00007ffe33770000 - 0x00007ffe34299000 	C:\Program Files\Java\jdk-11.0.6\bin\server\jvm.dll
0x00007ffe5c9f0000 - 0x00007ffe5c9f8000 	C:\Windows\System32\PSAPI.DLL
0x00007ffe58360000 - 0x00007ffe58384000 	C:\Windows\SYSTEM32\WINMM.dll
0x00007ffe56aa0000 - 0x00007ffe56aa9000 	C:\Windows\SYSTEM32\WSOCK32.dll
0x00007ffe5c690000 - 0x00007ffe5c6ff000 	C:\Windows\System32\WS2_32.dll
0x00007ffe58330000 - 0x00007ffe5835d000 	C:\Windows\SYSTEM32\WINMMBASE.dll
0x00007ffe5b290000 - 0x00007ffe5b2da000 	C:\Windows\System32\cfgmgr32.dll
0x00007ffe5a4b0000 - 0x00007ffe5a4c1000 	C:\Windows\System32\kernel.appcore.dll
0x00007ffe4eb50000 - 0x00007ffe4eb61000 	C:\Program Files\Java\jdk-11.0.6\bin\verify.dll
0x00007ffe54c10000 - 0x00007ffe54e04000 	C:\Windows\SYSTEM32\DBGHELP.DLL
0x00007ffe46220000 - 0x00007ffe4624a000 	C:\Windows\SYSTEM32\dbgcore.DLL
0x00007ffe4eb20000 - 0x00007ffe4eb49000 	C:\Program Files\Java\jdk-11.0.6\bin\java.dll
0x00007ffe584e0000 - 0x00007ffe5850f000 	C:\Program Files\Java\jdk-11.0.6\bin\instrument.dll
0x00007ffe4eb00000 - 0x00007ffe4eb16000 	C:\Program Files\Java\jdk-11.0.6\bin\zip.dll
0x00007ffe56ed0000 - 0x00007ffe56eda000 	C:\Program Files\Java\jdk-11.0.6\bin\jimage.dll
0x00007ffe5bb10000 - 0x00007ffe5c1f7000 	C:\Windows\System32\SHELL32.dll
0x00007ffe5d100000 - 0x00007ffe5d1a9000 	C:\Windows\System32\shcore.dll
0x00007ffe5a810000 - 0x00007ffe5af90000 	C:\Windows\System32\windows.storage.dll
0x00007ffe5a480000 - 0x00007ffe5a4a3000 	C:\Windows\System32\profapi.dll
0x00007ffe5a430000 - 0x00007ffe5a47a000 	C:\Windows\System32\powrprof.dll
0x00007ffe5a420000 - 0x00007ffe5a430000 	C:\Windows\System32\UMPDC.dll
0x00007ffe5b980000 - 0x00007ffe5b9d2000 	C:\Windows\System32\shlwapi.dll
0x00007ffe5b5f0000 - 0x00007ffe5b607000 	C:\Windows\System32\cryptsp.dll
0x00007ffe4eae0000 - 0x00007ffe4eaf9000 	C:\Program Files\Java\jdk-11.0.6\bin\net.dll
0x00007ffe53ba0000 - 0x00007ffe53c90000 	C:\Windows\SYSTEM32\WINHTTP.dll
0x00007ffe59c10000 - 0x00007ffe59c77000 	C:\Windows\system32\mswsock.dll
0x00007ffe4eac0000 - 0x00007ffe4ead3000 	C:\Program Files\Java\jdk-11.0.6\bin\nio.dll
0x00007ffe56cd0000 - 0x00007ffe56cea000 	C:\Program Files\JetBrains\IntelliJ IDEA 2019.3\bin\breakgen64.dll
0x00007ffe59780000 - 0x00007ffe597b3000 	C:\Windows\system32\rsaenh.dll
0x00007ffe5a640000 - 0x00007ffe5a666000 	C:\Windows\System32\bcrypt.dll
0x00007ffe5a300000 - 0x00007ffe5a325000 	C:\Windows\SYSTEM32\USERENV.dll
0x00007ffe59de0000 - 0x00007ffe59dec000 	C:\Windows\SYSTEM32\CRYPTBASE.dll
0x00007ffe59920000 - 0x00007ffe5995a000 	C:\Windows\SYSTEM32\IPHLPAPI.DLL
0x00007ffe5b6c0000 - 0x00007ffe5b6c8000 	C:\Windows\System32\NSI.dll
0x00007ffe53ef0000 - 0x00007ffe53f06000 	C:\Windows\SYSTEM32\dhcpcsvc6.DLL
0x00007ffe54050000 - 0x00007ffe5406c000 	C:\Windows\SYSTEM32\dhcpcsvc.DLL
0x00007ffe59960000 - 0x00007ffe59a2b000 	C:\Windows\SYSTEM32\DNSAPI.dll
0x00007ffe53aa0000 - 0x00007ffe53aaa000 	C:\Users\Anton\AppData\Local\Temp\jansi-1.17.1-14133017191145195482.dll
0x00007ffe53a90000 - 0x00007ffe53a9a000 	C:\Users\Anton\AppData\Local\Temp\jansi-1.17.1-14401503705510456955.dll
0x00007ffe53b90000 - 0x00007ffe53b9a000 	C:\Windows\System32\rasadhlp.dll
0x00007ffe53e10000 - 0x00007ffe53e87000 	C:\Windows\System32\fwpuclnt.dll
0x00007ffe42060000 - 0x00007ffe42076000 	C:\Windows\system32\napinsp.dll
0x00007ffe42040000 - 0x00007ffe4205a000 	C:\Windows\system32\pnrpnsp.dll
0x00007ffe42030000 - 0x00007ffe4203e000 	C:\Windows\System32\winrnr.dll
0x00007ffe56c50000 - 0x00007ffe56c6c000 	C:\Windows\system32\NLAapi.dll
0x00007ffe42000000 - 0x00007ffe42015000 	C:\Windows\system32\wshbth.dll

dbghelp: loaded successfully - version: 4.0.5 - missing functions: none
symbol engine: initialized successfully - sym options: 0x614 - pdb path: .;C:\Program Files\Java\jdk-11.0.6\bin;C:\Windows\SYSTEM32;C:\Windows\WinSxS\amd64_microsoft.windows.common-controls_6595b64144ccf1df_6.0.18362.1082_none_9e8193e1e45b25c1;C:\Program Files\Java\jdk-11.0.6\bin\server;C:\Program Files\JetBrains\IntelliJ IDEA 2019.3\bin;C:\Users\Anton\AppData\Local\Temp

VM Arguments:
jvm_args: -Dmaven.multiModuleProjectDirectory=C:\Geekbrains\my-spring-project-two -Dmaven.home=C:\Users\Anton\.m2\wrapper\dists\apache-maven-3.6.3-bin\1iopthnavndlasol9gbrbg6bf2\apache-maven-3.6.3 -Dclassworlds.conf=C:\Users\Anton\.m2\wrapper\dists\apache-maven-3.6.3-bin\1iopthnavndlasol9gbrbg6bf2\apache-maven-3.6.3\bin\m2.conf -Dmaven.ext.class.path=C:\Program Files\JetBrains\IntelliJ IDEA 2019.3\plugins\maven\lib\maven-event-listener.jar -javaagent:C:\Program Files\JetBrains\IntelliJ IDEA 2019.3\lib\idea_rt.jar=53430:C:\Program Files\JetBrains\IntelliJ IDEA 2019.3\bin -Dfile.encoding=UTF-8 
java_command: org.codehaus.classworlds.Launcher -Didea.version=2020.2.1 -DskipTests=true clean install liquibase:rollback -Dliquibase.rollbackTag=db_init
java_class_path (initial): C:\Users\Anton\.m2\wrapper\dists\apache-maven-3.6.3-bin\1iopthnavndlasol9gbrbg6bf2\apache-maven-3.6.3\boot\plexus-classworlds-2.6.0.jar;C:\Users\Anton\.m2\wrapper\dists\apache-maven-3.6.3-bin\1iopthnavndlasol9gbrbg6bf2\apache-maven-3.6.3\boot\plexus-classworlds.license
Launcher Type: SUN_STANDARD

[Global flags]
     intx CICompilerCount                          = 3                                         {product} {ergonomic}
     uint ConcGCThreads                            = 1                                         {product} {ergonomic}
     uint G1ConcRefinementThreads                  = 4                                         {product} {ergonomic}
   size_t G1HeapRegionSize                         = 1048576                                   {product} {ergonomic}
    uintx GCDrainStackTargetSize                   = 64                                        {product} {ergonomic}
   size_t InitialHeapSize                          = 134217728                                 {product} {ergonomic}
   size_t MarkStackSize                            = 4194304                                   {product} {ergonomic}
   size_t MaxHeapSize                              = 2116026368                                {product} {ergonomic}
   size_t MaxNewSize                               = 1268776960                                {product} {ergonomic}
   size_t MinHeapDeltaBytes                        = 1048576                                   {product} {ergonomic}
    uintx NonNMethodCodeHeapSize                   = 5830732                                {pd product} {ergonomic}
    uintx NonProfiledCodeHeapSize                  = 122913754                              {pd product} {ergonomic}
    uintx ProfiledCodeHeapSize                     = 122913754                              {pd product} {ergonomic}
    uintx ReservedCodeCacheSize                    = 251658240                              {pd product} {ergonomic}
     bool SegmentedCodeCache                       = true                                      {product} {ergonomic}
     bool UseCompressedClassPointers               = true                                 {lp64_product} {ergonomic}
     bool UseCompressedOops                        = true                                 {lp64_product} {ergonomic}
     bool UseG1GC                                  = true                                      {product} {ergonomic}
     bool UseLargePagesIndividualAllocation        = false                                  {pd product} {ergonomic}

Logging:
Log output configuration:
 #0: stdout all=warning uptime,level,tags
 #1: stderr all=off uptime,level,tags

Environment Variables:
PATH=C:\Program Files (x86)\Common Files\Oracle\Java\javapath;C:\Windows\system32;C:\Windows;C:\Windows\System32\Wbem;C:\Windows\System32\WindowsPowerShell\v1.0\;C:\Windows\System32\OpenSSH\;C:\Program Files\Java\jdk1.8.0_231\bin;C:\Program Files\Git\cmd;:\Mydok\SDK\platforms;:\Mydok\SDK\platform-tools;C:\Program Files\MySQL\MySQL Server 8.0\bin\;C:\Program Files\PuTTY\;C:\Program Files\MySQL\MySQL Shell 8.0\bin\;C:\Mydok\Python\Scripts\;C:\Mydok\Python\;C:\Users\Anton\AppData\Local\Microsoft\WindowsApps;
USERNAME=Anton
OS=Windows_NT
PROCESSOR_IDENTIFIER=Intel64 Family 6 Model 58 Stepping 9, GenuineIntel



---------------  S Y S T E M  ---------------

OS: Windows 10 , 64 bit Build 18362 (10.0.18362.1082)

CPU:total 4 (initial active 4) (4 cores per cpu, 1 threads per core) family 6 model 58 stepping 9, cmov, cx8, fxsr, mmx, sse, sse2, sse3, ssse3, sse4.1, sse4.2, popcnt, avx, aes, clmul, erms, tsc, tscinvbit, tscinv

Memory: 4k page, system-wide physical 8069M (1176M free)
TotalPageFile size 10117M (AvailPageFile size 12M)
current process WorkingSet (physical memory assigned to process): 371M, peak: 374M
current process commit charge ("private bytes"): 402M, peak: 430M

vm_info: Java HotSpot(TM) 64-Bit Server VM (11.0.6+8-LTS) for windows-amd64 JRE (11.0.6+8-LTS), built on Dec 11 2019 09:17:57 by "mach5one" with MS VC++ 15.5 (VS2017)

END.
